<?xml version="1.0" encoding="UTF-8"?>
<testsuite xmlns:xsi="http://www.w3.org/2001/XMLSchema-instance" xsi:noNamespaceSchemaLocation="https://maven.apache.org/surefire/maven-surefire-plugin/xsd/surefire-test-report-3.0.xsd" version="3.0" name="testing Playwright with Cucumber feature 2" time="76.819" tests="2" errors="0" skipped="0" failures="0">
  <properties>
    <property name="java.specification.version" value="18"/>
    <property name="sun.cpu.isalist" value="amd64"/>
    <property name="sun.jnu.encoding" value="Cp1252"/>
    <property name="java.class.path" value="C:\Users\Sounak_Nandi\PlayWrightBDD\PlayWright_BDD_Cucumber\target\test-classes;C:\Users\Sounak_Nandi\PlayWrightBDD\PlayWright_BDD_Cucumber\target\classes;C:\Users\Sounak_Nandi\.m2\repository\com\microsoft\playwright\playwright\1.23.0\playwright-1.23.0.jar;C:\Users\Sounak_Nandi\.m2\repository\com\google\code\gson\gson\2.8.9\gson-2.8.9.jar;C:\Users\Sounak_Nandi\.m2\repository\org\opentest4j\opentest4j\1.2.0\opentest4j-1.2.0.jar;C:\Users\Sounak_Nandi\.m2\repository\com\microsoft\playwright\driver\1.23.0\driver-1.23.0.jar;C:\Users\Sounak_Nandi\.m2\repository\com\microsoft\playwright\driver-bundle\1.23.0\driver-bundle-1.23.0.jar;C:\Users\Sounak_Nandi\.m2\repository\io\cucumber\cucumber-java\7.4.1\cucumber-java-7.4.1.jar;C:\Users\Sounak_Nandi\.m2\repository\org\apiguardian\apiguardian-api\1.1.2\apiguardian-api-1.1.2.jar;C:\Users\Sounak_Nandi\.m2\repository\io\cucumber\cucumber-junit\7.4.1\cucumber-junit-7.4.1.jar;C:\Users\Sounak_Nandi\.m2\repository\junit\junit\4.13.2\junit-4.13.2.jar;C:\Users\Sounak_Nandi\.m2\repository\org\hamcrest\hamcrest-core\1.3\hamcrest-core-1.3.jar;C:\Users\Sounak_Nandi\.m2\repository\io\cucumber\cucumber-core\7.4.1\cucumber-core-7.4.1.jar;C:\Users\Sounak_Nandi\.m2\repository\io\cucumber\cucumber-gherkin\7.4.1\cucumber-gherkin-7.4.1.jar;C:\Users\Sounak_Nandi\.m2\repository\io\cucumber\cucumber-gherkin-messages\7.4.1\cucumber-gherkin-messages-7.4.1.jar;C:\Users\Sounak_Nandi\.m2\repository\io\cucumber\gherkin\23.0.1\gherkin-23.0.1.jar;C:\Users\Sounak_Nandi\.m2\repository\io\cucumber\messages\18.0.0\messages-18.0.0.jar;C:\Users\Sounak_Nandi\.m2\repository\io\cucumber\tag-expressions\4.1.0\tag-expressions-4.1.0.jar;C:\Users\Sounak_Nandi\.m2\repository\io\cucumber\cucumber-expressions\16.0.0\cucumber-expressions-16.0.0.jar;C:\Users\Sounak_Nandi\.m2\repository\io\cucumber\datatable\7.4.1\datatable-7.4.1.jar;C:\Users\Sounak_Nandi\.m2\repository\io\cucumber\cucumber-plugin\7.4.1\cucumber-plugin-7.4.1.jar;C:\Users\Sounak_Nandi\.m2\repository\io\cucumber\docstring\7.4.1\docstring-7.4.1.jar;C:\Users\Sounak_Nandi\.m2\repository\io\cucumber\html-formatter\19.2.0\html-formatter-19.2.0.jar;C:\Users\Sounak_Nandi\.m2\repository\io\cucumber\ci-environment\9.0.4\ci-environment-9.0.4.jar;C:\Users\Sounak_Nandi\.m2\repository\io\cucumber\cucumber-picocontainer\7.4.1\cucumber-picocontainer-7.4.1.jar;C:\Users\Sounak_Nandi\.m2\repository\org\picocontainer\picocontainer\2.15\picocontainer-2.15.jar;"/>
    <property name="java.vm.vendor" value="Oracle Corporation"/>
    <property name="sun.arch.data.model" value="64"/>
    <property name="user.variant" value=""/>
    <property name="java.vendor.url" value="https://java.oracle.com/"/>
    <property name="user.timezone" value="Asia/Calcutta"/>
    <property name="os.name" value="Windows 10"/>
    <property name="java.vm.specification.version" value="18"/>
    <property name="sun.java.launcher" value="SUN_STANDARD"/>
    <property name="user.country" value="IN"/>
    <property name="sun.boot.library.path" value="C:\Program Files\Java\jdk-18.0.1.1\bin"/>
    <property name="sun.java.command" value="C:\Users\Sounak_Nandi\AppData\Local\Temp\surefire4457444364185013260\surefirebooter-20220719215135243_3.jar C:\Users\Sounak_Nandi\AppData\Local\Temp\surefire4457444364185013260 2022-07-19T21-51-34_368-jvmRun1 surefire-20220719215135243_1tmp surefire_0-20220719215135243_2tmp"/>
    <property name="jdk.debug" value="release"/>
    <property name="surefire.test.class.path" value="C:\Users\Sounak_Nandi\PlayWrightBDD\PlayWright_BDD_Cucumber\target\test-classes;C:\Users\Sounak_Nandi\PlayWrightBDD\PlayWright_BDD_Cucumber\target\classes;C:\Users\Sounak_Nandi\.m2\repository\com\microsoft\playwright\playwright\1.23.0\playwright-1.23.0.jar;C:\Users\Sounak_Nandi\.m2\repository\com\google\code\gson\gson\2.8.9\gson-2.8.9.jar;C:\Users\Sounak_Nandi\.m2\repository\org\opentest4j\opentest4j\1.2.0\opentest4j-1.2.0.jar;C:\Users\Sounak_Nandi\.m2\repository\com\microsoft\playwright\driver\1.23.0\driver-1.23.0.jar;C:\Users\Sounak_Nandi\.m2\repository\com\microsoft\playwright\driver-bundle\1.23.0\driver-bundle-1.23.0.jar;C:\Users\Sounak_Nandi\.m2\repository\io\cucumber\cucumber-java\7.4.1\cucumber-java-7.4.1.jar;C:\Users\Sounak_Nandi\.m2\repository\org\apiguardian\apiguardian-api\1.1.2\apiguardian-api-1.1.2.jar;C:\Users\Sounak_Nandi\.m2\repository\io\cucumber\cucumber-junit\7.4.1\cucumber-junit-7.4.1.jar;C:\Users\Sounak_Nandi\.m2\repository\junit\junit\4.13.2\junit-4.13.2.jar;C:\Users\Sounak_Nandi\.m2\repository\org\hamcrest\hamcrest-core\1.3\hamcrest-core-1.3.jar;C:\Users\Sounak_Nandi\.m2\repository\io\cucumber\cucumber-core\7.4.1\cucumber-core-7.4.1.jar;C:\Users\Sounak_Nandi\.m2\repository\io\cucumber\cucumber-gherkin\7.4.1\cucumber-gherkin-7.4.1.jar;C:\Users\Sounak_Nandi\.m2\repository\io\cucumber\cucumber-gherkin-messages\7.4.1\cucumber-gherkin-messages-7.4.1.jar;C:\Users\Sounak_Nandi\.m2\repository\io\cucumber\gherkin\23.0.1\gherkin-23.0.1.jar;C:\Users\Sounak_Nandi\.m2\repository\io\cucumber\messages\18.0.0\messages-18.0.0.jar;C:\Users\Sounak_Nandi\.m2\repository\io\cucumber\tag-expressions\4.1.0\tag-expressions-4.1.0.jar;C:\Users\Sounak_Nandi\.m2\repository\io\cucumber\cucumber-expressions\16.0.0\cucumber-expressions-16.0.0.jar;C:\Users\Sounak_Nandi\.m2\repository\io\cucumber\datatable\7.4.1\datatable-7.4.1.jar;C:\Users\Sounak_Nandi\.m2\repository\io\cucumber\cucumber-plugin\7.4.1\cucumber-plugin-7.4.1.jar;C:\Users\Sounak_Nandi\.m2\repository\io\cucumber\docstring\7.4.1\docstring-7.4.1.jar;C:\Users\Sounak_Nandi\.m2\repository\io\cucumber\html-formatter\19.2.0\html-formatter-19.2.0.jar;C:\Users\Sounak_Nandi\.m2\repository\io\cucumber\ci-environment\9.0.4\ci-environment-9.0.4.jar;C:\Users\Sounak_Nandi\.m2\repository\io\cucumber\cucumber-picocontainer\7.4.1\cucumber-picocontainer-7.4.1.jar;C:\Users\Sounak_Nandi\.m2\repository\org\picocontainer\picocontainer\2.15\picocontainer-2.15.jar;"/>
    <property name="sun.cpu.endian" value="little"/>
    <property name="user.home" value="C:\Users\Sounak_Nandi"/>
    <property name="user.language" value="en"/>
    <property name="java.specification.vendor" value="Oracle Corporation"/>
    <property name="java.version.date" value="2022-04-22"/>
    <property name="java.home" value="C:\Program Files\Java\jdk-18.0.1.1"/>
    <property name="file.separator" value="\"/>
    <property name="basedir" value="C:\Users\Sounak_Nandi\PlayWrightBDD\PlayWright_BDD_Cucumber"/>
    <property name="java.vm.compressedOopsMode" value="Zero based"/>
    <property name="line.separator" value="&#10;"/>
    <property name="java.vm.specification.vendor" value="Oracle Corporation"/>
    <property name="java.specification.name" value="Java Platform API Specification"/>
    <property name="surefire.real.class.path" value="C:\Users\Sounak_Nandi\AppData\Local\Temp\surefire4457444364185013260\surefirebooter-20220719215135243_3.jar"/>
    <property name="user.script" value=""/>
    <property name="sun.management.compiler" value="HotSpot 64-Bit Tiered Compilers"/>
    <property name="java.runtime.version" value="18.0.1.1+2-6"/>
    <property name="user.name" value="Sounak_Nandi"/>
    <property name="path.separator" value=";"/>
    <property name="os.version" value="10.0"/>
    <property name="java.runtime.name" value="Java(TM) SE Runtime Environment"/>
    <property name="file.encoding" value="UTF-8"/>
    <property name="java.vm.name" value="Java HotSpot(TM) 64-Bit Server VM"/>
    <property name="localRepository" value="C:\Users\Sounak_Nandi\.m2\repository"/>
    <property name="java.vendor.url.bug" value="https://bugreport.java.com/bugreport/"/>
    <property name="java.io.tmpdir" value="C:\Users\SOUNAK~1\AppData\Local\Temp\"/>
    <property name="java.version" value="18.0.1.1"/>
    <property name="user.dir" value="C:\Users\Sounak_Nandi\PlayWrightBDD\PlayWright_BDD_Cucumber"/>
    <property name="os.arch" value="amd64"/>
    <property name="java.vm.specification.name" value="Java Virtual Machine Specification"/>
    <property name="sun.os.patch.level" value=""/>
    <property name="native.encoding" value="Cp1252"/>
    <property name="java.library.path" value="C:\Program Files\Java\jdk-18.0.1.1\bin;C:\Windows\Sun\Java\bin;C:\Windows\system32;C:\Windows;C:\Program Files\Common Files\Oracle\Java\javapath;C:\Windows\system32;C:\Windows;C:\Windows\System32\Wbem;C:\Windows\System32\WindowsPowerShell\v1.0\;C:\Windows\System32\OpenSSH\;C:\Program Files\dotnet\;C:\Program Files\Java\jdk-18.0.1.1\bin;C:\Users\Sounak_Nandi\Documents\apache-maven-3.8.6-bin\apache-maven-3.8.6\bin;C:\Program Files\Git\cmd;C:\Users\Sounak_Nandi\Documents\Git-2.37.0-64-bit.exe;C:\Users\Sounak_Nandi\AppData\Local\Microsoft\WindowsApps;;C:\Program Files\JetBrains\IntelliJ IDEA Community Edition 2022.1.3\bin;;."/>
    <property name="java.vm.info" value="mixed mode, sharing"/>
    <property name="java.vendor" value="Oracle Corporation"/>
    <property name="java.vm.version" value="18.0.1.1+2-6"/>
    <property name="sun.io.unicode.encoding" value="UnicodeLittle"/>
    <property name="java.class.version" value="62.0"/>
  </properties>
  <testcase name="Playwright Demo test 2 feature 2" classname="testing Playwright with Cucumber feature 2" time="41.135">
    <system-out><![CDATA[
Scenario: Playwright Demo test 2 feature 2                                                      # src/test/resources/features/demo2.feature:10
Playwright Demo test 2 feature 2 is being running at :: 20
  Given User navigate to the URL                                                                # com.automation.PlayWrightBDD.StepDefinitions.CommonLoginStepDef.userNavigateToTheURL()
  And Validates the title of the page to be "ParaBank | Welcome | Online Banking"               # com.automation.PlayWrightBDD.StepDefinitions.CommonLoginStepDef.validatesTheTitleOfThePageToBe(java.lang.String)
  Then user logs in with the User name "Sounak" and Password "sounak"                           # com.automation.PlayWrightBDD.StepDefinitions.CommonLoginStepDef.userLogsInWithTheUserNameAndPassword(java.lang.String,java.lang.String)
  Then user Clicks on "Accounts Overview"                                                       # com.automation.PlayWrightBDD.StepDefinitions.HomepageStepDef.userClicksOn(java.lang.String)
  Then Validate the title of the page in Accounts Overview to be "ParaBank | Accounts Overview" # com.automation.PlayWrightBDD.StepDefinitions.AccountsOverviewStepDef.validateTheTitleOfThePageInAccountsOverviewToBe(java.lang.String)
]]></system-out>
  </testcase>
  <testcase name="Playwright Demo test 1 feature 2" classname="testing Playwright with Cucumber feature 2" time="35.684">
    <system-out><![CDATA[
Scenario: Playwright Demo test 1 feature 2                                            # src/test/resources/features/demo2.feature:17
Playwright Demo test 1 feature 2 is being running at :: 20
  Given User navigate to the URL                                                      # com.automation.PlayWrightBDD.StepDefinitions.CommonLoginStepDef.userNavigateToTheURL()
  And Validates the title of the page to be "ParaBank | Welcome | Online Banking"     # com.automation.PlayWrightBDD.StepDefinitions.CommonLoginStepDef.validatesTheTitleOfThePageToBe(java.lang.String)
  Then user logs in with the User name "Sounak" and Password "sounak"                 # com.automation.PlayWrightBDD.StepDefinitions.CommonLoginStepDef.userLogsInWithTheUserNameAndPassword(java.lang.String,java.lang.String)
  Then user Clicks on "Request Loan"                                                  # com.automation.PlayWrightBDD.StepDefinitions.HomepageStepDef.userClicksOn(java.lang.String)
  Then Validate the title of the page in Request Loan to be "ParaBank | Loan Request" # com.automation.PlayWrightBDD.StepDefinitions.RequestLoanStepDef.validateTheTitleOfThePageInRequestLoanToBe(java.lang.String)
]]></system-out>
  </testcase>
</testsuite>